<?xml version="1.0" encoding="UTF-8"?>
<testsuite xmlns:xsi="http://www.w3.org/2001/XMLSchema-instance" xsi:noNamespaceSchemaLocation="https://maven.apache.org/surefire/maven-surefire-plugin/xsd/surefire-test-report-3.0.xsd" version="3.0" name="tests.EvaluateurNiveauTests" time="0.958" tests="12" errors="0" skipped="0" failures="0">
  <properties>
    <property name="sun.desktop" value="windows"/>
    <property name="awt.toolkit" value="sun.awt.windows.WToolkit"/>
    <property name="file.encoding.pkg" value="sun.io"/>
    <property name="java.specification.version" value="1.8"/>
    <property name="sun.cpu.isalist" value="amd64"/>
    <property name="sun.jnu.encoding" value="Cp1252"/>
    <property name="java.class.path" value="Z:\COURS\2A\APPLI\TD4_cor\projet-td4-termine\evaluateurmaven\target\test-classes;Z:\COURS\2A\APPLI\TD4_cor\projet-td4-termine\evaluateurmaven\target\generated-classes\cobertura;C:\Users\21806239.CAMPUS.000\.m2\repository\org\junit\jupiter\junit-jupiter-engine\5.5.2\junit-jupiter-engine-5.5.2.jar;C:\Users\21806239.CAMPUS.000\.m2\repository\org\apiguardian\apiguardian-api\1.1.0\apiguardian-api-1.1.0.jar;C:\Users\21806239.CAMPUS.000\.m2\repository\org\junit\platform\junit-platform-engine\1.5.2\junit-platform-engine-1.5.2.jar;C:\Users\21806239.CAMPUS.000\.m2\repository\org\opentest4j\opentest4j\1.2.0\opentest4j-1.2.0.jar;C:\Users\21806239.CAMPUS.000\.m2\repository\org\junit\platform\junit-platform-commons\1.5.2\junit-platform-commons-1.5.2.jar;C:\Users\21806239.CAMPUS.000\.m2\repository\org\junit\jupiter\junit-jupiter-api\5.5.2\junit-jupiter-api-5.5.2.jar;C:\Users\21806239.CAMPUS.000\.m2\repository\org\junit\platform\junit-platform-launcher\1.5.2\junit-platform-launcher-1.5.2.jar;C:\Users\21806239.CAMPUS.000\.m2\repository\org\junit\jupiter\junit-jupiter-params\5.5.2\junit-jupiter-params-5.5.2.jar;C:\Users\21806239.CAMPUS.000\.m2\repository\net\sourceforge\cobertura\cobertura\2.1.1\cobertura-2.1.1.jar;C:\Users\21806239.CAMPUS.000\.m2\repository\jaxen\jaxen\1.1.4\jaxen-1.1.4.jar;C:\Users\21806239.CAMPUS.000\.m2\repository\org\apache\ant\ant\1.8.3\ant-1.8.3.jar;C:\Users\21806239.CAMPUS.000\.m2\repository\org\apache\ant\ant-launcher\1.8.3\ant-launcher-1.8.3.jar;C:\Users\21806239.CAMPUS.000\.m2\repository\org\apache\ant\ant-junit\1.8.3\ant-junit-1.8.3.jar;C:\Users\21806239.CAMPUS.000\.m2\repository\org\mortbay\jetty\servlet-api-2.5\6.1.14\servlet-api-2.5-6.1.14.jar;C:\Users\21806239.CAMPUS.000\.m2\repository\org\mortbay\jetty\jetty\6.1.14\jetty-6.1.14.jar;C:\Users\21806239.CAMPUS.000\.m2\repository\org\mortbay\jetty\jetty-util\6.1.14\jetty-util-6.1.14.jar;C:\Program Files\Java\jdk1.8.0_221\jre\..\lib\tools.jar;C:\Users\21806239.CAMPUS.000\.m2\repository\org\slf4j\slf4j-api\1.7.5\slf4j-api-1.7.5.jar;C:\Users\21806239.CAMPUS.000\.m2\repository\ch\qos\logback\logback-classic\1.0.13\logback-classic-1.0.13.jar;C:\Users\21806239.CAMPUS.000\.m2\repository\ch\qos\logback\logback-core\1.0.13\logback-core-1.0.13.jar;C:\Users\21806239.CAMPUS.000\.m2\repository\junit\junit\4.11\junit-4.11.jar;C:\Users\21806239.CAMPUS.000\.m2\repository\org\hamcrest\hamcrest-core\1.3\hamcrest-core-1.3.jar;C:\Users\21806239.CAMPUS.000\.m2\repository\org\apache\commons\commons-lang3\3.3.2\commons-lang3-3.3.2.jar;"/>
    <property name="java.vm.vendor" value="Oracle Corporation"/>
    <property name="sun.arch.data.model" value="64"/>
    <property name="user.variant" value=""/>
    <property name="java.vendor.url" value="http://java.oracle.com/"/>
    <property name="user.timezone" value="Europe/Paris"/>
    <property name="java.vm.specification.version" value="1.8"/>
    <property name="os.name" value="Windows 10"/>
    <property name="user.country" value="FR"/>
    <property name="sun.java.launcher" value="SUN_STANDARD"/>
    <property name="sun.boot.library.path" value="C:\Program Files\Java\jdk1.8.0_221\jre\bin"/>
    <property name="sun.java.command" value="C:\Users\21806239.CAMPUS.000\AppData\Local\Temp\surefire2847414663504904322\surefirebooter8798583328270361416.jar C:\Users\21806239.CAMPUS.000\AppData\Local\Temp\surefire2847414663504904322 2019-10-25T11-48-19_233-jvmRun1 surefire3371227225537370497tmp surefire_06339754240550694411tmp"/>
    <property name="surefire.test.class.path" value="Z:\COURS\2A\APPLI\TD4_cor\projet-td4-termine\evaluateurmaven\target\test-classes;Z:\COURS\2A\APPLI\TD4_cor\projet-td4-termine\evaluateurmaven\target\generated-classes\cobertura;C:\Users\21806239.CAMPUS.000\.m2\repository\org\junit\jupiter\junit-jupiter-engine\5.5.2\junit-jupiter-engine-5.5.2.jar;C:\Users\21806239.CAMPUS.000\.m2\repository\org\apiguardian\apiguardian-api\1.1.0\apiguardian-api-1.1.0.jar;C:\Users\21806239.CAMPUS.000\.m2\repository\org\junit\platform\junit-platform-engine\1.5.2\junit-platform-engine-1.5.2.jar;C:\Users\21806239.CAMPUS.000\.m2\repository\org\opentest4j\opentest4j\1.2.0\opentest4j-1.2.0.jar;C:\Users\21806239.CAMPUS.000\.m2\repository\org\junit\platform\junit-platform-commons\1.5.2\junit-platform-commons-1.5.2.jar;C:\Users\21806239.CAMPUS.000\.m2\repository\org\junit\jupiter\junit-jupiter-api\5.5.2\junit-jupiter-api-5.5.2.jar;C:\Users\21806239.CAMPUS.000\.m2\repository\org\junit\platform\junit-platform-launcher\1.5.2\junit-platform-launcher-1.5.2.jar;C:\Users\21806239.CAMPUS.000\.m2\repository\org\junit\jupiter\junit-jupiter-params\5.5.2\junit-jupiter-params-5.5.2.jar;C:\Users\21806239.CAMPUS.000\.m2\repository\net\sourceforge\cobertura\cobertura\2.1.1\cobertura-2.1.1.jar;C:\Users\21806239.CAMPUS.000\.m2\repository\jaxen\jaxen\1.1.4\jaxen-1.1.4.jar;C:\Users\21806239.CAMPUS.000\.m2\repository\org\apache\ant\ant\1.8.3\ant-1.8.3.jar;C:\Users\21806239.CAMPUS.000\.m2\repository\org\apache\ant\ant-launcher\1.8.3\ant-launcher-1.8.3.jar;C:\Users\21806239.CAMPUS.000\.m2\repository\org\apache\ant\ant-junit\1.8.3\ant-junit-1.8.3.jar;C:\Users\21806239.CAMPUS.000\.m2\repository\org\mortbay\jetty\servlet-api-2.5\6.1.14\servlet-api-2.5-6.1.14.jar;C:\Users\21806239.CAMPUS.000\.m2\repository\org\mortbay\jetty\jetty\6.1.14\jetty-6.1.14.jar;C:\Users\21806239.CAMPUS.000\.m2\repository\org\mortbay\jetty\jetty-util\6.1.14\jetty-util-6.1.14.jar;C:\Program Files\Java\jdk1.8.0_221\jre\..\lib\tools.jar;C:\Users\21806239.CAMPUS.000\.m2\repository\org\slf4j\slf4j-api\1.7.5\slf4j-api-1.7.5.jar;C:\Users\21806239.CAMPUS.000\.m2\repository\ch\qos\logback\logback-classic\1.0.13\logback-classic-1.0.13.jar;C:\Users\21806239.CAMPUS.000\.m2\repository\ch\qos\logback\logback-core\1.0.13\logback-core-1.0.13.jar;C:\Users\21806239.CAMPUS.000\.m2\repository\junit\junit\4.11\junit-4.11.jar;C:\Users\21806239.CAMPUS.000\.m2\repository\org\hamcrest\hamcrest-core\1.3\hamcrest-core-1.3.jar;C:\Users\21806239.CAMPUS.000\.m2\repository\org\apache\commons\commons-lang3\3.3.2\commons-lang3-3.3.2.jar;"/>
    <property name="sun.cpu.endian" value="little"/>
    <property name="user.home" value="C:\Users\21806239.CAMPUS.000"/>
    <property name="user.language" value="fr"/>
    <property name="java.specification.vendor" value="Oracle Corporation"/>
    <property name="java.home" value="C:\Program Files\Java\jdk1.8.0_221\jre"/>
    <property name="basedir" value="Z:\COURS\2A\APPLI\TD4_cor\projet-td4-termine\evaluateurmaven"/>
    <property name="file.separator" value="\"/>
    <property name="line.separator" value="&#10;"/>
    <property name="java.vm.specification.vendor" value="Oracle Corporation"/>
    <property name="java.specification.name" value="Java Platform API Specification"/>
    <property name="java.awt.graphicsenv" value="sun.awt.Win32GraphicsEnvironment"/>
    <property name="surefire.real.class.path" value="C:\Users\21806239.CAMPUS.000\AppData\Local\Temp\surefire2847414663504904322\surefirebooter8798583328270361416.jar"/>
    <property name="sun.boot.class.path" value="C:\Program Files\Java\jdk1.8.0_221\jre\lib\resources.jar;C:\Program Files\Java\jdk1.8.0_221\jre\lib\rt.jar;C:\Program Files\Java\jdk1.8.0_221\jre\lib\sunrsasign.jar;C:\Program Files\Java\jdk1.8.0_221\jre\lib\jsse.jar;C:\Program Files\Java\jdk1.8.0_221\jre\lib\jce.jar;C:\Program Files\Java\jdk1.8.0_221\jre\lib\charsets.jar;C:\Program Files\Java\jdk1.8.0_221\jre\lib\jfr.jar;C:\Program Files\Java\jdk1.8.0_221\jre\classes"/>
    <property name="user.script" value=""/>
    <property name="sun.management.compiler" value="HotSpot 64-Bit Tiered Compilers"/>
    <property name="java.runtime.version" value="1.8.0_221-b11"/>
    <property name="user.name" value="21806239"/>
    <property name="path.separator" value=";"/>
    <property name="os.version" value="10.0"/>
    <property name="java.endorsed.dirs" value="C:\Program Files\Java\jdk1.8.0_221\jre\lib\endorsed"/>
    <property name="java.runtime.name" value="Java(TM) SE Runtime Environment"/>
    <property name="file.encoding" value="Cp1252"/>
    <property name="java.vm.name" value="Java HotSpot(TM) 64-Bit Server VM"/>
    <property name="localRepository" value="C:\Users\21806239.CAMPUS.000\.m2\repository"/>
    <property name="java.vendor.url.bug" value="http://bugreport.sun.com/bugreport/"/>
    <property name="java.io.tmpdir" value="C:\Users\218062~1.000\AppData\Local\Temp\"/>
    <property name="java.version" value="1.8.0_221"/>
    <property name="user.dir" value="Z:\COURS\2A\APPLI\TD4_cor\projet-td4-termine\evaluateurmaven"/>
    <property name="os.arch" value="amd64"/>
    <property name="java.vm.specification.name" value="Java Virtual Machine Specification"/>
    <property name="java.awt.printerjob" value="sun.awt.windows.WPrinterJob"/>
    <property name="sun.os.patch.level" value=""/>
    <property name="java.library.path" value="C:\Program Files\Java\jdk1.8.0_221\jre\bin;C:\WINDOWS\Sun\Java\bin;C:\WINDOWS\system32;C:\WINDOWS;C:\Program Files\Java\jdk1.8.0_221\bin;D:\sonar-scanner-4.2.0.1873-windows\bin;D:\jdk-11.0.2\bin;D:\apache-maven-3.5.4\bin;C:\Program Files\Java\jdk1.8.0_221\bin;C:\Program Files (x86)\Common Files\Oracle\Java\javapath;C:\WINDOWS\system32;C:\WINDOWS;C:\WINDOWS\System32\Wbem;C:\WINDOWS\System32\WindowsPowerShell\v1.0\;C:\WINDOWS\System32\OpenSSH\;C:\Program Files (x86)\QuickTime\QTSystem\;C:\Program Files\Microsoft SQL Server\Client SDK\ODBC\110\Tools\Binn\;C:\Program Files (x86)\Microsoft SQL Server\120\Tools\Binn\;C:\Program Files\Microsoft SQL Server\120\Tools\Binn\;C:\Program Files\Microsoft SQL Server\120\DTS\Binn\;C:\Program Files\Git\cmd;C:\Program Files\nodejs\;C:\Program Files\PuTTY\;C:\Users\21806239.CAMPUS.000\AppData\Local\Microsoft\WindowsApps;;."/>
    <property name="java.vm.info" value="mixed mode"/>
    <property name="java.vendor" value="Oracle Corporation"/>
    <property name="java.vm.version" value="25.221-b11"/>
    <property name="java.ext.dirs" value="C:\Program Files\Java\jdk1.8.0_221\jre\lib\ext;C:\WINDOWS\Sun\Java\lib\ext"/>
    <property name="sun.io.unicode.encoding" value="UnicodeLittle"/>
    <property name="java.class.version" value="52.0"/>
  </properties>
  <testcase name="testMauvaisFormatExamen" classname="tests.EvaluateurNiveauTests" time="0.641"/>
  <testcase name="testMauvaisFormatCours" classname="tests.EvaluateurNiveauTests" time="0"/>
  <testcase name="testNiveau{String, String, String}[1]" classname="tests.EvaluateurNiveauTests" time="0.063"/>
  <testcase name="testNiveau{String, String, String}[2]" classname="tests.EvaluateurNiveauTests" time="0"/>
  <testcase name="testNiveau{String, String, String}[3]" classname="tests.EvaluateurNiveauTests" time="0"/>
  <testcase name="testNiveau{String, String, String}[4]" classname="tests.EvaluateurNiveauTests" time="0"/>
  <testcase name="testNiveau{String, String, String}[5]" classname="tests.EvaluateurNiveauTests" time="0"/>
  <testcase name="testNiveau{String, String, String}[6]" classname="tests.EvaluateurNiveauTests" time="0"/>
  <testcase name="testNiveau{String, String, String}[7]" classname="tests.EvaluateurNiveauTests" time="0"/>
  <testcase name="testNiveau{String, String, String}[8]" classname="tests.EvaluateurNiveauTests" time="0"/>
  <testcase name="testValeurHorsBorneCours" classname="tests.EvaluateurNiveauTests" time="0"/>
  <testcase name="testValeurHorsBorneExamen" classname="tests.EvaluateurNiveauTests" time="0"/>
</testsuite>